<?xml version="1.0" encoding="UTF-8"?>
<!-- Generated by org.testng.reporters.JUnitXMLReporter -->
<testsuite ignored="0" hostname="LAP-MONALIP" failures="0" tests="8" name="Test with Parameters" time="25.513" errors="0" timestamp="2025-01-22T16:23:22 IST">
  <testcase classname="com.selenium.testcase.DemoClass" name="anotherTestMethod" time="0.082"/>
  <testcase classname="com.selenium.testcase.DemoClass" name="testMethod" time="0.006"/>
  <testcase classname="com.selenium.testcase.DemoClass" name="yourTestMethod" time="0.013"/>
  <testcase classname="com.selenium.testcase.HelloJava" name="anotherTestMethod2" time="0.004"/>
  <testcase classname="com.selenium.testcase.HelloJava" name="testMethod1" time="0.007"/>
  <testcase classname="com.selenium.testcase.HelloJava" name="yourTestMethod" time="0.007"/>
  <testcase classname="com.selenium.testcase.SeleniumClassDemo" name="AMethod" time="5.059"/>
  <testcase classname="com.selenium.testcase.InternetClass" name="DDF" time="1.356"/>
</testsuite> <!-- Test with Parameters -->
