<?xml version="1.0" encoding="UTF-8"?>
<testng-results ignored="0" total="8" passed="8" failed="0" skipped="0">
  <reporter-output>
  </reporter-output>
  <suite started-at="2025-01-22T16:22:57 IST" name="Test Suite" finished-at="2025-01-22T16:23:22 IST" duration-ms="25513">
    <groups>
    </groups>
    <test started-at="2025-01-22T16:22:57 IST" name="Test with Parameters" finished-at="2025-01-22T16:23:22 IST" duration-ms="25513">
      <class name="com.selenium.testcase.InternetClass">
        <test-method is-config="true" signature="setup()[pri:0, instance:com.selenium.testcase.InternetClass@77102b91]" started-at="2025-01-22T16:23:13 IST" name="setup" finished-at="2025-01-22T16:23:19 IST" duration-ms="6273" status="PASS">
          <reporter-output>
          </reporter-output>
        </test-method> <!-- setup -->
        <test-method signature="DDF(java.lang.String,java.lang.String)[pri:0, instance:com.selenium.testcase.InternetClass@77102b91]" started-at="2025-01-22T16:23:21 IST" name="DDF" data-provider="LoginData" finished-at="2025-01-22T16:23:22 IST" duration-ms="1356" status="PASS">
          <params>
            <param index="0">
              <value>
                <![CDATA[tomsmith]]>
              </value>
            </param>
            <param index="1">
              <value>
                <![CDATA[SuperSecretPassword!]]>
              </value>
            </param>
          </params>
          <reporter-output>
          </reporter-output>
        </test-method> <!-- DDF -->
        <test-method is-config="true" signature="teardown()[pri:0, instance:com.selenium.testcase.InternetClass@77102b91]" started-at="2025-01-22T16:23:22 IST" name="teardown" finished-at="2025-01-22T16:23:22 IST" duration-ms="356" status="PASS">
          <reporter-output>
          </reporter-output>
        </test-method> <!-- teardown -->
      </class> <!-- com.selenium.testcase.InternetClass -->
      <class name="com.selenium.testcase.SeleniumClassDemo">
        <test-method is-config="true" signature="setup()[pri:0, instance:com.selenium.testcase.SeleniumClassDemo@2ef14fe]" started-at="2025-01-22T16:22:57 IST" name="setup" finished-at="2025-01-22T16:23:08 IST" duration-ms="10354" status="PASS">
          <reporter-output>
          </reporter-output>
        </test-method> <!-- setup -->
        <test-method signature="AMethod()[pri:1, instance:com.selenium.testcase.SeleniumClassDemo@2ef14fe]" started-at="2025-01-22T16:23:08 IST" name="AMethod" finished-at="2025-01-22T16:23:13 IST" duration-ms="5059" status="PASS">
          <reporter-output>
          </reporter-output>
        </test-method> <!-- AMethod -->
        <test-method is-config="true" signature="teardown()[pri:0, instance:com.selenium.testcase.SeleniumClassDemo@2ef14fe]" started-at="2025-01-22T16:23:13 IST" name="teardown" finished-at="2025-01-22T16:23:13 IST" duration-ms="462" status="PASS">
          <reporter-output>
          </reporter-output>
        </test-method> <!-- teardown -->
      </class> <!-- com.selenium.testcase.SeleniumClassDemo -->
      <class name="com.selenium.testcase.HelloJava">
        <test-method signature="anotherTestMethod2()[pri:0, instance:com.selenium.testcase.HelloJava@1603cd68]" started-at="2025-01-22T16:22:57 IST" name="anotherTestMethod2" finished-at="2025-01-22T16:22:57 IST" duration-ms="4" status="PASS">
          <reporter-output>
          </reporter-output>
        </test-method> <!-- anotherTestMethod2 -->
        <test-method signature="testMethod1()[pri:0, instance:com.selenium.testcase.HelloJava@1603cd68]" started-at="2025-01-22T16:22:57 IST" name="testMethod1" finished-at="2025-01-22T16:22:57 IST" duration-ms="7" status="PASS">
          <reporter-output>
          </reporter-output>
        </test-method> <!-- testMethod1 -->
        <test-method signature="yourTestMethod()[pri:0, instance:com.selenium.testcase.HelloJava@1603cd68]" started-at="2025-01-22T16:22:57 IST" name="yourTestMethod" finished-at="2025-01-22T16:22:57 IST" duration-ms="7" status="PASS">
          <reporter-output>
          </reporter-output>
        </test-method> <!-- yourTestMethod -->
      </class> <!-- com.selenium.testcase.HelloJava -->
      <class name="com.selenium.testcase.DemoClass">
        <test-method signature="anotherTestMethod()[pri:0, instance:com.selenium.testcase.DemoClass@a4add54]" started-at="2025-01-22T16:22:57 IST" name="anotherTestMethod" finished-at="2025-01-22T16:22:57 IST" duration-ms="82" status="PASS">
          <reporter-output>
          </reporter-output>
        </test-method> <!-- anotherTestMethod -->
        <test-method signature="testMethod()[pri:0, instance:com.selenium.testcase.DemoClass@a4add54]" started-at="2025-01-22T16:22:57 IST" name="testMethod" finished-at="2025-01-22T16:22:57 IST" duration-ms="6" status="PASS">
          <reporter-output>
          </reporter-output>
        </test-method> <!-- testMethod -->
        <test-method signature="yourTestMethod()[pri:0, instance:com.selenium.testcase.DemoClass@a4add54]" started-at="2025-01-22T16:22:57 IST" name="yourTestMethod" finished-at="2025-01-22T16:22:57 IST" duration-ms="13" status="PASS">
          <reporter-output>
          </reporter-output>
        </test-method> <!-- yourTestMethod -->
      </class> <!-- com.selenium.testcase.DemoClass -->
    </test> <!-- Test with Parameters -->
  </suite> <!-- Test Suite -->
</testng-results>
